Information: Propagating switching activity (low effort zero delay simulation). (PWR-6)
Warning: Design has unannotated sequential cell outputs. (PWR-415)
 
****************************************
Report : power
        -hier
        -analysis_effort low
Design : counter
Version: S-2021.06-SP2
Date   : Wed Nov 30 23:27:59 2022
****************************************


Library(s) Used:

    tcbn65gplustc0d8 (File: /afs/ee.cooper.edu/dist/cadence-tools/tsmc65/TSMCHOME/digital/Front_End/timing_power_noise/NLDM/tcbn65gplus_200a/tcbn65gplustc0d8.db)


Operating Conditions: WC0D72COM   Library: tcbn65gpluswc0d72
Wire Load Model Mode: Inactive.


Global Operating Voltage = 0.72 
Power-specific unit information :
    Voltage Units = 1V
    Capacitance Units = 1.000000pf
    Time Units = 1ns
    Dynamic Power Units = 1mW    (derived from V,C,T units)
    Leakage Power Units = 1nW


--------------------------------------------------------------------------------
                                       Switch   Int      Leak     Total
Hierarchy                              Power    Power    Power    Power    %
--------------------------------------------------------------------------------
counter                                4.61e-05 7.94e-04  310.948 1.15e-03 100.0
1
